21-10-13_12:39:05 更新 c:\windows\prefetch\op-msedge.exe-37d25f9a-00000001.pf
21-10-13_12:39:15 更新 c:\windows\prefetch\msedge.exe-37d25f9b.pf
21-10-13_12:39:47 更新 c:\windows\serviceprofiles\networkservice\ntuser.dat.log2
21-10-13_12:39:47 更新 c:\windows\serviceprofiles\networkservice\appdata\local\microsoft\windows\deliveryoptimization\state\dosvcstate.dat.log1
21-10-13_12:40:43 更新 c:\windows\syswow64\lpmward.dat
21-10-13_12:40:44 更新 c:\windows\prefetch\searchprotocolhost.exe-69c456c3.pf
21-10-13_12:40:44 更新 c:\windows\prefetch\searchfilterhost.exe-44162447.pf
21-10-13_12:40:44 更新 c:\windows\syswow64\lpmward.dat
21-10-13_12:40:49 更新 c:\windows\prefetch\oemdrvrepair.exe-e75d3ba9.pf
21-10-13_12:40:51 创建 c:\windows\prefetch\wmiapsrv.exe-fc8436dd.pf
21-10-13_12:40:51 更新 c:\windows\prefetch\wmiapsrv.exe-fc8436dd.pf
21-10-13_12:40:53 更新 c:\windows\prefetch
21-10-13_12:40:53 更新 c:\windows\prefetch\wmiprvse.exe-e8b8dd29.pf
21-10-13_12:41:30 更新 c:\windows\system32\config\default.log1
21-10-13_12:41:30 更新 c:\windows\prefetch\svchost.exe-47e93a69.pf
21-10-13_12:41:45 更新 c:\windows\serviceprofiles\networkservice\ntuser.dat.log2
21-10-13_12:41:45 更新 c:\windows\serviceprofiles\networkservice\appdata\local\microsoft\windows\deliveryoptimization\state\dosvcstate.dat.log2
21-10-13_12:41:51 更新 c:\windows\prefetch\smartscreen.exe-eacc1250.pf
21-10-13_12:41:52 更新 c:\windows\prefetch\7zfm.exe-f57727c5.pf
21-10-13_12:43:20 更新 c:\windows\prefetch\searchfilterhost.exe-44162447.pf
21-10-13_12:43:45 更新 c:\windows\serviceprofiles\networkservice\ntuser.dat.log1
21-10-13_12:43:45 更新 c:\windows\serviceprofiles\networkservice\appdata\local\microsoft\windows\deliveryoptimization\state\dosvcstate.dat.log2
21-10-13_12:44:32 更新 c:\windows\system32\config\default.log1
21-10-13_12:44:56 更新 c:\windows\prefetch\backgroundtaskhost.exe-cf63be44.pf
21-10-13_12:44:56 更新 c:\windows\prefetch\runtimebroker.exe-3de31d4b.pf
21-10-13_12:45:30 更新 c:\windows\prefetch\wsl.exe-1b26b53b.pf
21-10-13_12:45:30 更新 c:\windows\prefetch\cmd.exe-0bd30981.pf
21-10-13_12:45:30 更新 c:\windows\prefetch\conhost.exe-0c6456fb.pf
21-10-13_12:45:45 更新 c:\windows\serviceprofiles\networkservice\ntuser.dat.log1
21-10-13_12:45:56 更新 c:\windows\prefetch\searchprotocolhost.exe-69c456c3.pf
21-10-13_12:45:56 更新 c:\windows\prefetch\searchfilterhost.exe-44162447.pf
21-10-13_12:46:20 更新 c:\windows\prefetch\op-msedge.exe-37d25f9a-00000001.pf
21-10-13_12:46:30 更新 c:\windows\prefetch\identity_helper.exe-b7d75ea1.pf
21-10-13_12:46:30 更新 c:\windows\prefetch\runtimebroker.exe-67310593.pf
21-10-13_12:46:30 更新 c:\windows\prefetch\runtimebroker.exe-d2ee0952.pf
21-10-13_12:46:44 更新 c:\windows\system32\config\bbi.log2
21-10-13_12:47:34 更新 c:\windows\system32\config\default.log1
21-10-13_12:47:45 更新 c:\windows\serviceprofiles\networkservice\ntuser.dat.log1
21-10-13_12:47:54 更新 c:\windows\prefetch\audiodg.exe-ab22e9a6.pf
21-10-13_12:48:03 更新 c:\windows\prefetch\notepad.exe-c5670914.pf
21-10-13_12:48:08 更新 c:\windows\system32\config\bbi.log1
21-10-13_12:48:09 更新 c:\windows\prefetch\searchprotocolhost.exe-69c456c3.pf
21-10-13_12:48:09 更新 c:\windows\prefetch\searchfilterhost.exe-44162447.pf
21-10-13_12:48:11 更新 c:\windows\prefetch\7zfm.exe-f57727c5.pf
21-10-13_12:48:20 更新 c:\windows\prefetch\git-credential-manager-core.e-6b1dd327.pf
21-10-13_12:48:20 更新 c:\windows\prefetch\sh.exe-f25cff0d.pf
21-10-13_12:48:22 更新 c:\windows\prefetch\git-remote-https.exe-c1afb266.pf
21-10-13_12:48:22 更新 c:\windows\prefetch\git.exe-da7efdd1.pf
21-10-13_12:48:22 更新 c:\windows\prefetch\git.exe-49c87d8c.pf
21-10-13_12:48:22 更新 c:\windows\prefetch\git.exe-52a8d03b.pf
21-10-13_12:48:22 更新 c:\windows\prefetch\conhost.exe-0c6456fb.pf
